
*** Running vivado
    with args -log mac_udp_design_wrapper.vdi -applog -m64 -product Vivado -messageDb vivado.pb -mode batch -source mac_udp_design_wrapper.tcl -notrace



****** Vivado v2024.2 (64-bit)
  **** SW Build 5239630 on Fri Nov 08 22:35:27 MST 2024
  **** IP Build 5239520 on Sun Nov 10 16:12:51 MST 2024
  **** SharedData Build 5239561 on Fri Nov 08 14:39:27 MST 2024
  **** Start of session at: Mon Jun  9 13:09:33 2025
    ** Copyright 1986-2022 Xilinx, Inc. All Rights Reserved.
    ** Copyright 2022-2024 Advanced Micro Devices, Inc. All Rights Reserved.

source mac_udp_design_wrapper.tcl -notrace
INFO: [IP_Flow 19-234] Refreshing IP repositories
INFO: [IP_Flow 19-1700] Loaded user IP repository 'c:/Users/gsfei/OneDrive/Desktop/networkaccel_project/ip_repo/mac_filter_1_0'.
INFO: [IP_Flow 19-2313] Loaded Vivado IP repository 'C:/Xilinx/Vivado/2024.2/data/ip'.
Command: link_design -top mac_udp_design_wrapper -part xc7z020clg400-1
Design is defaulting to srcset: sources_1
Design is defaulting to constrset: constrs_1
INFO: [Device 21-403] Loading part xc7z020clg400-1
INFO: [Project 1-454] Reading design checkpoint 'c:/Users/gsfei/OneDrive/Desktop/networkaccel_project/vivado/vivado.gen/sources_1/bd/mac_udp_design/ip/mac_udp_design_axi_dma_0_1/mac_udp_design_axi_dma_0_1.dcp' for cell 'mac_udp_design_i/axi_dma_0'
INFO: [Project 1-454] Reading design checkpoint 'c:/Users/gsfei/OneDrive/Desktop/networkaccel_project/vivado/vivado.gen/sources_1/bd/mac_udp_design/ip/mac_udp_design_axi_smc_0/mac_udp_design_axi_smc_0.dcp' for cell 'mac_udp_design_i/axi_smc'
INFO: [Project 1-454] Reading design checkpoint 'c:/Users/gsfei/OneDrive/Desktop/networkaccel_project/vivado/vivado.gen/sources_1/bd/mac_udp_design/ip/mac_udp_design_mac_filter_0_1/mac_udp_design_mac_filter_0_1.dcp' for cell 'mac_udp_design_i/mac_filter_0'
INFO: [Project 1-454] Reading design checkpoint 'c:/Users/gsfei/OneDrive/Desktop/networkaccel_project/vivado/vivado.gen/sources_1/bd/mac_udp_design/ip/mac_udp_design_processing_system7_0_0/mac_udp_design_processing_system7_0_0.dcp' for cell 'mac_udp_design_i/processing_system7_0'
INFO: [Project 1-454] Reading design checkpoint 'c:/Users/gsfei/OneDrive/Desktop/networkaccel_project/vivado/vivado.gen/sources_1/bd/mac_udp_design/ip/mac_udp_design_rst_ps7_0_100M_0/mac_udp_design_rst_ps7_0_100M_0.dcp' for cell 'mac_udp_design_i/rst_ps7_0_100M'
Netlist sorting complete. Time (s): cpu = 00:00:00 ; elapsed = 00:00:00.112 . Memory (MB): peak = 648.387 ; gain = 0.000
INFO: [Netlist 29-17] Analyzing 51 Unisim elements for replacement
INFO: [Netlist 29-28] Unisim Transformation completed in 0 CPU seconds
INFO: [Project 1-479] Netlist was created with Vivado 2024.2
INFO: [Project 1-570] Preparing netlist for logic optimization
Parsing XDC File [c:/Users/gsfei/OneDrive/Desktop/networkaccel_project/vivado/vivado.gen/sources_1/bd/mac_udp_design/ip/mac_udp_design_processing_system7_0_0/mac_udp_design_processing_system7_0_0.xdc] for cell 'mac_udp_design_i/processing_system7_0/inst'
Finished Parsing XDC File [c:/Users/gsfei/OneDrive/Desktop/networkaccel_project/vivado/vivado.gen/sources_1/bd/mac_udp_design/ip/mac_udp_design_processing_system7_0_0/mac_udp_design_processing_system7_0_0.xdc] for cell 'mac_udp_design_i/processing_system7_0/inst'
Parsing XDC File [c:/Users/gsfei/OneDrive/Desktop/networkaccel_project/vivado/vivado.gen/sources_1/bd/mac_udp_design/ip/mac_udp_design_axi_dma_0_1/mac_udp_design_axi_dma_0_1.xdc] for cell 'mac_udp_design_i/axi_dma_0/U0'
WARNING: [Vivado_Tcl 4-921] Waiver ID 'CDC-1' -to list should not be empty. [c:/Users/gsfei/OneDrive/Desktop/networkaccel_project/vivado/vivado.gen/sources_1/bd/mac_udp_design/ip/mac_udp_design_axi_dma_0_1/mac_udp_design_axi_dma_0_1.xdc:52]
WARNING: [Vivado_Tcl 4-921] Waiver ID 'CDC-1' -to list should not be empty. [c:/Users/gsfei/OneDrive/Desktop/networkaccel_project/vivado/vivado.gen/sources_1/bd/mac_udp_design/ip/mac_udp_design_axi_dma_0_1/mac_udp_design_axi_dma_0_1.xdc:56]
WARNING: [Vivado_Tcl 4-919] Waiver ID 'CDC-1' -from list should not be empty. [c:/Users/gsfei/OneDrive/Desktop/networkaccel_project/vivado/vivado.gen/sources_1/bd/mac_udp_design/ip/mac_udp_design_axi_dma_0_1/mac_udp_design_axi_dma_0_1.xdc:61]
Finished Parsing XDC File [c:/Users/gsfei/OneDrive/Desktop/networkaccel_project/vivado/vivado.gen/sources_1/bd/mac_udp_design/ip/mac_udp_design_axi_dma_0_1/mac_udp_design_axi_dma_0_1.xdc] for cell 'mac_udp_design_i/axi_dma_0/U0'
Parsing XDC File [c:/Users/gsfei/OneDrive/Desktop/networkaccel_project/vivado/vivado.gen/sources_1/bd/mac_udp_design/ip/mac_udp_design_axi_smc_0/bd_0/ip/ip_1/bd_b326_psr_aclk_0_board.xdc] for cell 'mac_udp_design_i/axi_smc/inst/clk_map/psr_aclk/U0'
Finished Parsing XDC File [c:/Users/gsfei/OneDrive/Desktop/networkaccel_project/vivado/vivado.gen/sources_1/bd/mac_udp_design/ip/mac_udp_design_axi_smc_0/bd_0/ip/ip_1/bd_b326_psr_aclk_0_board.xdc] for cell 'mac_udp_design_i/axi_smc/inst/clk_map/psr_aclk/U0'
Parsing XDC File [c:/Users/gsfei/OneDrive/Desktop/networkaccel_project/vivado/vivado.gen/sources_1/bd/mac_udp_design/ip/mac_udp_design_axi_smc_0/bd_0/ip/ip_1/bd_b326_psr_aclk_0.xdc] for cell 'mac_udp_design_i/axi_smc/inst/clk_map/psr_aclk/U0'
Finished Parsing XDC File [c:/Users/gsfei/OneDrive/Desktop/networkaccel_project/vivado/vivado.gen/sources_1/bd/mac_udp_design/ip/mac_udp_design_axi_smc_0/bd_0/ip/ip_1/bd_b326_psr_aclk_0.xdc] for cell 'mac_udp_design_i/axi_smc/inst/clk_map/psr_aclk/U0'
Parsing XDC File [c:/Users/gsfei/OneDrive/Desktop/networkaccel_project/vivado/vivado.gen/sources_1/bd/mac_udp_design/ip/mac_udp_design_axi_smc_0/smartconnect.xdc] for cell 'mac_udp_design_i/axi_smc/inst'
Finished Parsing XDC File [c:/Users/gsfei/OneDrive/Desktop/networkaccel_project/vivado/vivado.gen/sources_1/bd/mac_udp_design/ip/mac_udp_design_axi_smc_0/smartconnect.xdc] for cell 'mac_udp_design_i/axi_smc/inst'
Parsing XDC File [c:/Users/gsfei/OneDrive/Desktop/networkaccel_project/vivado/vivado.gen/sources_1/bd/mac_udp_design/ip/mac_udp_design_rst_ps7_0_100M_0/mac_udp_design_rst_ps7_0_100M_0_board.xdc] for cell 'mac_udp_design_i/rst_ps7_0_100M/U0'
Finished Parsing XDC File [c:/Users/gsfei/OneDrive/Desktop/networkaccel_project/vivado/vivado.gen/sources_1/bd/mac_udp_design/ip/mac_udp_design_rst_ps7_0_100M_0/mac_udp_design_rst_ps7_0_100M_0_board.xdc] for cell 'mac_udp_design_i/rst_ps7_0_100M/U0'
Parsing XDC File [c:/Users/gsfei/OneDrive/Desktop/networkaccel_project/vivado/vivado.gen/sources_1/bd/mac_udp_design/ip/mac_udp_design_rst_ps7_0_100M_0/mac_udp_design_rst_ps7_0_100M_0.xdc] for cell 'mac_udp_design_i/rst_ps7_0_100M/U0'
Finished Parsing XDC File [c:/Users/gsfei/OneDrive/Desktop/networkaccel_project/vivado/vivado.gen/sources_1/bd/mac_udp_design/ip/mac_udp_design_rst_ps7_0_100M_0/mac_udp_design_rst_ps7_0_100M_0.xdc] for cell 'mac_udp_design_i/rst_ps7_0_100M/U0'
Parsing XDC File [c:/Users/gsfei/OneDrive/Desktop/networkaccel_project/vivado/vivado.gen/sources_1/bd/mac_udp_design/ip/mac_udp_design_axi_dma_0_1/mac_udp_design_axi_dma_0_1_clocks.xdc] for cell 'mac_udp_design_i/axi_dma_0/U0'
Finished Parsing XDC File [c:/Users/gsfei/OneDrive/Desktop/networkaccel_project/vivado/vivado.gen/sources_1/bd/mac_udp_design/ip/mac_udp_design_axi_dma_0_1/mac_udp_design_axi_dma_0_1_clocks.xdc] for cell 'mac_udp_design_i/axi_dma_0/U0'
INFO: [Project 1-1714] 17 XPM XDC files have been applied to the design.
INFO: [Opt 31-138] Pushed 0 inverter(s) to 0 load pin(s).
Netlist sorting complete. Time (s): cpu = 00:00:00 ; elapsed = 00:00:00.002 . Memory (MB): peak = 1372.715 ; gain = 0.000
INFO: [Project 1-111] Unisim Transformation Summary:
  A total of 2 instances were transformed.
  RAM32M => RAM32M (RAMD32(x6), RAMS32(x2)): 2 instances

16 Infos, 3 Warnings, 0 Critical Warnings and 0 Errors encountered.
link_design completed successfully
link_design: Time (s): cpu = 00:00:10 ; elapsed = 00:00:11 . Memory (MB): peak = 1372.715 ; gain = 987.418
Command: opt_design
Attempting to get a license for feature 'Implementation' and/or device 'xc7z020'
INFO: [Common 17-349] Got license for feature 'Implementation' and/or device 'xc7z020'
Running DRC as a precondition to command opt_design

Starting DRC Task
INFO: [DRC 23-27] Running DRC with 2 threads
INFO: [Project 1-461] DRC finished with 0 Errors
INFO: [Project 1-462] Please refer to the DRC report (report_drc) for more information.

Time (s): cpu = 00:00:01 ; elapsed = 00:00:01 . Memory (MB): peak = 1372.715 ; gain = 0.000

Starting Cache Timing Information Task
INFO: [Timing 38-35] Done setting XDC timing constraints.
Ending Cache Timing Information Task | Checksum: d29ab5ff

Time (s): cpu = 00:00:01 ; elapsed = 00:00:00.176 . Memory (MB): peak = 1372.715 ; gain = 0.000

Starting Logic Optimization Task

Phase 1 Initialization

Phase 1.1 Core Generation And Design Setup
Phase 1.1 Core Generation And Design Setup | Checksum: d29ab5ff

Time (s): cpu = 00:00:00 ; elapsed = 00:00:00.008 . Memory (MB): peak = 1748.711 ; gain = 0.000

Phase 1.2 Setup Constraints And Sort Netlist
Phase 1.2 Setup Constraints And Sort Netlist | Checksum: d29ab5ff

Time (s): cpu = 00:00:00 ; elapsed = 00:00:00.013 . Memory (MB): peak = 1748.711 ; gain = 0.000
Phase 1 Initialization | Checksum: d29ab5ff

Time (s): cpu = 00:00:00 ; elapsed = 00:00:00.015 . Memory (MB): peak = 1748.711 ; gain = 0.000

Phase 2 Timer Update And Timing Data Collection

Phase 2.1 Timer Update
Phase 2.1 Timer Update | Checksum: d29ab5ff

Time (s): cpu = 00:00:00 ; elapsed = 00:00:00.101 . Memory (MB): peak = 1748.711 ; gain = 0.000

Phase 2.2 Timing Data Collection
Phase 2.2 Timing Data Collection | Checksum: d29ab5ff

Time (s): cpu = 00:00:00 ; elapsed = 00:00:00.138 . Memory (MB): peak = 1748.711 ; gain = 0.000
Phase 2 Timer Update And Timing Data Collection | Checksum: d29ab5ff

Time (s): cpu = 00:00:00 ; elapsed = 00:00:00.141 . Memory (MB): peak = 1748.711 ; gain = 0.000

Phase 3 Retarget
INFO: [Opt 31-1851] Number of loadless carry chains removed were: 0
INFO: [Opt 31-1834] Total Chains To Be Transformed Were: 0 AND Number of Transformed insts Created are: 0
INFO: [Opt 31-1566] Pulled 3 inverters resulting in an inversion of 40 pins
INFO: [Opt 31-138] Pushed 12 inverter(s) to 45 load pin(s).
INFO: [Opt 31-49] Retargeted 0 cell(s).
Phase 3 Retarget | Checksum: 983500fa

Time (s): cpu = 00:00:00 ; elapsed = 00:00:00.222 . Memory (MB): peak = 1748.711 ; gain = 0.000
Retarget | Checksum: 983500fa
INFO: [Opt 31-389] Phase Retarget created 23 cells and removed 102 cells
INFO: [Opt 31-1021] In phase Retarget, 20 netlist objects are constrained preventing optimization. Please run opt_design with -debug_log to get more detail. 

Phase 4 Constant propagation
INFO: [Opt 31-138] Pushed 1 inverter(s) to 3 load pin(s).
Phase 4 Constant propagation | Checksum: 185be67c3

Time (s): cpu = 00:00:00 ; elapsed = 00:00:00.250 . Memory (MB): peak = 1748.711 ; gain = 0.000
Constant propagation | Checksum: 185be67c3
INFO: [Opt 31-389] Phase Constant propagation created 31 cells and removed 52 cells
INFO: [Opt 31-1021] In phase Constant propagation, 20 netlist objects are constrained preventing optimization. Please run opt_design with -debug_log to get more detail. 

Phase 5 Sweep
INFO: [Constraints 18-11670] Building netlist checker database with flags, 0x8
Done building netlist checker database: Time (s): cpu = 00:00:00 ; elapsed = 00:00:00.002 . Memory (MB): peak = 1748.711 ; gain = 0.000
INFO: [Constraints 18-11670] Building netlist checker database with flags, 0x8
Done building netlist checker database: Time (s): cpu = 00:00:00 ; elapsed = 00:00:00.002 . Memory (MB): peak = 1748.711 ; gain = 0.000
Phase 5 Sweep | Checksum: d048d4db

Time (s): cpu = 00:00:01 ; elapsed = 00:00:00.529 . Memory (MB): peak = 1748.711 ; gain = 0.000
Sweep | Checksum: d048d4db
INFO: [Opt 31-389] Phase Sweep created 0 cells and removed 966 cells
INFO: [Opt 31-1021] In phase Sweep, 26 netlist objects are constrained preventing optimization. Please run opt_design with -debug_log to get more detail. 

Phase 6 BUFG optimization
Phase 6 BUFG optimization | Checksum: d048d4db

Time (s): cpu = 00:00:01 ; elapsed = 00:00:00.585 . Memory (MB): peak = 1748.711 ; gain = 0.000
BUFG optimization | Checksum: d048d4db
INFO: [Opt 31-662] Phase BUFG optimization created 0 cells of which 0 are BUFGs and removed 0 cells.

Phase 7 Shift Register Optimization
INFO: [Opt 31-1064] SRL Remap converted 0 SRLs to 0 registers and converted 0 registers of register chains to 0 SRLs
Phase 7 Shift Register Optimization | Checksum: d048d4db

Time (s): cpu = 00:00:01 ; elapsed = 00:00:00.594 . Memory (MB): peak = 1748.711 ; gain = 0.000
Shift Register Optimization | Checksum: d048d4db
INFO: [Opt 31-389] Phase Shift Register Optimization created 0 cells and removed 0 cells

Phase 8 Post Processing Netlist
Phase 8 Post Processing Netlist | Checksum: 111ba3302

Time (s): cpu = 00:00:01 ; elapsed = 00:00:00.612 . Memory (MB): peak = 1748.711 ; gain = 0.000
Post Processing Netlist | Checksum: 111ba3302
INFO: [Opt 31-389] Phase Post Processing Netlist created 0 cells and removed 0 cells
INFO: [Opt 31-1021] In phase Post Processing Netlist, 20 netlist objects are constrained preventing optimization. Please run opt_design with -debug_log to get more detail. 

Phase 9 Finalization

Phase 9.1 Finalizing Design Cores and Updating Shapes
Phase 9.1 Finalizing Design Cores and Updating Shapes | Checksum: 1710a4a9e

Time (s): cpu = 00:00:01 ; elapsed = 00:00:00.695 . Memory (MB): peak = 1748.711 ; gain = 0.000

Phase 9.2 Verifying Netlist Connectivity

Starting Connectivity Check Task

Time (s): cpu = 00:00:00 ; elapsed = 00:00:00.008 . Memory (MB): peak = 1748.711 ; gain = 0.000
Phase 9.2 Verifying Netlist Connectivity | Checksum: 1710a4a9e

Time (s): cpu = 00:00:01 ; elapsed = 00:00:00.706 . Memory (MB): peak = 1748.711 ; gain = 0.000
Phase 9 Finalization | Checksum: 1710a4a9e

Time (s): cpu = 00:00:01 ; elapsed = 00:00:00.708 . Memory (MB): peak = 1748.711 ; gain = 0.000
Opt_design Change Summary
=========================


-------------------------------------------------------------------------------------------------------------------------
|  Phase                        |  #Cells created  |  #Cells Removed  |  #Constrained objects preventing optimizations  |
-------------------------------------------------------------------------------------------------------------------------
|  Retarget                     |              23  |             102  |                                             20  |
|  Constant propagation         |              31  |              52  |                                             20  |
|  Sweep                        |               0  |             966  |                                             26  |
|  BUFG optimization            |               0  |               0  |                                              0  |
|  Shift Register Optimization  |               0  |               0  |                                              0  |
|  Post Processing Netlist      |               0  |               0  |                                             20  |
-------------------------------------------------------------------------------------------------------------------------


Ending Logic Optimization Task | Checksum: 1710a4a9e

Time (s): cpu = 00:00:01 ; elapsed = 00:00:00.713 . Memory (MB): peak = 1748.711 ; gain = 0.000

Starting Power Optimization Task
INFO: [Pwropt 34-132] Skipping clock gating for clocks with a period < 2.00 ns.
INFO: [Pwropt 34-9] Applying IDT optimizations ...
INFO: [Pwropt 34-10] Applying ODC optimizations ...
INFO: [Timing 38-35] Done setting XDC timing constraints.
Running Vector-less Activity Propagation...

Finished Running Vector-less Activity Propagation


Starting PowerOpt Patch Enables Task
INFO: [Pwropt 34-162] WRITE_MODE attribute of 0 BRAM(s) out of a total of 2 has been updated to save power. Run report_power_opt to get a complete listing of the BRAMs updated.
INFO: [Pwropt 34-201] Structural ODC has moved 0 WE to EN ports
Number of BRAM Ports augmented: 3 newly gated: 0 Total Ports: 4
Ending PowerOpt Patch Enables Task | Checksum: 110e658b4

Time (s): cpu = 00:00:00 ; elapsed = 00:00:00.023 . Memory (MB): peak = 1871.289 ; gain = 0.000
Ending Power Optimization Task | Checksum: 110e658b4

Time (s): cpu = 00:00:01 ; elapsed = 00:00:00.965 . Memory (MB): peak = 1871.289 ; gain = 122.578

Starting Final Cleanup Task
Ending Final Cleanup Task | Checksum: 110e658b4

Time (s): cpu = 00:00:00 ; elapsed = 00:00:00.005 . Memory (MB): peak = 1871.289 ; gain = 0.000

Starting Netlist Obfuscation Task
Netlist sorting complete. Time (s): cpu = 00:00:00 ; elapsed = 00:00:00.003 . Memory (MB): peak = 1871.289 ; gain = 0.000
Ending Netlist Obfuscation Task | Checksum: 151f4f14e

Time (s): cpu = 00:00:00 ; elapsed = 00:00:00.005 . Memory (MB): peak = 1871.289 ; gain = 0.000
INFO: [Common 17-83] Releasing license: Implementation
47 Infos, 3 Warnings, 0 Critical Warnings and 0 Errors encountered.
opt_design completed successfully
opt_design: Time (s): cpu = 00:00:06 ; elapsed = 00:00:06 . Memory (MB): peak = 1871.289 ; gain = 498.574
INFO: [Vivado 12-24828] Executing command : report_drc -file mac_udp_design_wrapper_drc_opted.rpt -pb mac_udp_design_wrapper_drc_opted.pb -rpx mac_udp_design_wrapper_drc_opted.rpx
Command: report_drc -file mac_udp_design_wrapper_drc_opted.rpt -pb mac_udp_design_wrapper_drc_opted.pb -rpx mac_udp_design_wrapper_drc_opted.rpx
INFO: [IP_Flow 19-1839] IP Catalog is up to date.
INFO: [DRC 23-27] Running DRC with 2 threads
INFO: [Vivado_Tcl 2-168] The results of DRC are in file C:/Users/gsfei/OneDrive/Desktop/networkaccel_project/vivado/vivado.runs/impl_1/mac_udp_design_wrapper_drc_opted.rpt.
report_drc completed successfully
INFO: [Timing 38-480] Writing timing data to binary archive.
Write ShapeDB Complete: Time (s): cpu = 00:00:00 ; elapsed = 00:00:00.012 . Memory (MB): peak = 1871.289 ; gain = 0.000
Wrote PlaceDB: Time (s): cpu = 00:00:01 ; elapsed = 00:00:00.028 . Memory (MB): peak = 1871.289 ; gain = 0.000
Wrote PulsedLatchDB: Time (s): cpu = 00:00:00 ; elapsed = 00:00:00 . Memory (MB): peak = 1871.289 ; gain = 0.000
Writing XDEF routing.
Writing XDEF routing logical nets.
Writing XDEF routing special nets.
Wrote RouteStorage: Time (s): cpu = 00:00:00 ; elapsed = 00:00:00.033 . Memory (MB): peak = 1871.289 ; gain = 0.000
Wrote Netlist Cache: Time (s): cpu = 00:00:00 ; elapsed = 00:00:00.001 . Memory (MB): peak = 1871.289 ; gain = 0.000
Wrote Device Cache: Time (s): cpu = 00:00:00 ; elapsed = 00:00:00.014 . Memory (MB): peak = 1871.289 ; gain = 0.000
Write Physdb Complete: Time (s): cpu = 00:00:01 ; elapsed = 00:00:00.096 . Memory (MB): peak = 1871.289 ; gain = 0.000
INFO: [Common 17-1381] The checkpoint 'C:/Users/gsfei/OneDrive/Desktop/networkaccel_project/vivado/vivado.runs/impl_1/mac_udp_design_wrapper_opt.dcp' has been generated.
Command: place_design
Attempting to get a license for feature 'Implementation' and/or device 'xc7z020'
INFO: [Common 17-349] Got license for feature 'Implementation' and/or device 'xc7z020'
INFO: [Common 17-83] Releasing license: Implementation
INFO: [DRC 23-27] Running DRC with 2 threads
INFO: [Vivado_Tcl 4-198] DRC finished with 0 Errors
INFO: [Vivado_Tcl 4-199] Please refer to the DRC report (report_drc) for more information.
Running DRC as a precondition to command place_design
INFO: [DRC 23-27] Running DRC with 2 threads
INFO: [Vivado_Tcl 4-198] DRC finished with 0 Errors
INFO: [Vivado_Tcl 4-199] Please refer to the DRC report (report_drc) for more information.
INFO: [Place 30-611] Multithreading enabled for place_design using a maximum of 2 CPUs

Starting Placer Task

Phase 1 Placer Initialization

Phase 1.1 Placer Initialization Netlist Sorting
Netlist sorting complete. Time (s): cpu = 00:00:00 ; elapsed = 00:00:00.001 . Memory (MB): peak = 1871.289 ; gain = 0.000
Phase 1.1 Placer Initialization Netlist Sorting | Checksum: 981aeaaf

Time (s): cpu = 00:00:00 ; elapsed = 00:00:00.007 . Memory (MB): peak = 1871.289 ; gain = 0.000
Netlist sorting complete. Time (s): cpu = 00:00:00 ; elapsed = 00:00:00.001 . Memory (MB): peak = 1871.289 ; gain = 0.000

Phase 1.2 IO Placement/ Clock Placement/ Build Placer Device
INFO: [Timing 38-35] Done setting XDC timing constraints.
Phase 1.2 IO Placement/ Clock Placement/ Build Placer Device | Checksum: 846e3273

Time (s): cpu = 00:00:00 ; elapsed = 00:00:00.475 . Memory (MB): peak = 1871.289 ; gain = 0.000

Phase 1.3 Build Placer Netlist Model
Phase 1.3 Build Placer Netlist Model | Checksum: 163907614

Time (s): cpu = 00:00:01 ; elapsed = 00:00:00.932 . Memory (MB): peak = 1871.289 ; gain = 0.000

Phase 1.4 Constrain Clocks/Macros
Phase 1.4 Constrain Clocks/Macros | Checksum: 163907614

Time (s): cpu = 00:00:01 ; elapsed = 00:00:00.941 . Memory (MB): peak = 1871.289 ; gain = 0.000
Phase 1 Placer Initialization | Checksum: 163907614

Time (s): cpu = 00:00:01 ; elapsed = 00:00:00.954 . Memory (MB): peak = 1871.289 ; gain = 0.000

Phase 2 Global Placement

Phase 2.1 Floorplanning
Phase 2.1 Floorplanning | Checksum: 1b5893d26

Time (s): cpu = 00:00:01 ; elapsed = 00:00:01 . Memory (MB): peak = 1871.289 ; gain = 0.000

Phase 2.2 Update Timing before SLR Path Opt
Phase 2.2 Update Timing before SLR Path Opt | Checksum: ef3825da

Time (s): cpu = 00:00:01 ; elapsed = 00:00:01 . Memory (MB): peak = 1871.289 ; gain = 0.000

Phase 2.3 Post-Processing in Floorplanning
Phase 2.3 Post-Processing in Floorplanning | Checksum: ef3825da

Time (s): cpu = 00:00:01 ; elapsed = 00:00:01 . Memory (MB): peak = 1871.289 ; gain = 0.000

Phase 2.4 Global Place Phase1
Phase 2.4 Global Place Phase1 | Checksum: 15b801c52

Time (s): cpu = 00:00:04 ; elapsed = 00:00:03 . Memory (MB): peak = 1871.289 ; gain = 0.000

Phase 2.5 Global Place Phase2

Phase 2.5.1 UpdateTiming Before Physical Synthesis
Phase 2.5.1 UpdateTiming Before Physical Synthesis | Checksum: 15b801c52

Time (s): cpu = 00:00:05 ; elapsed = 00:00:03 . Memory (MB): peak = 1871.289 ; gain = 0.000

Phase 2.5.2 Physical Synthesis In Placer
INFO: [Physopt 32-1035] Found 0 LUTNM shape to break, 185 LUT instances to create LUTNM shape
INFO: [Physopt 32-1044] Break lutnm for timing: one critical 0, two critical 0, total 0, new lutff created 0
INFO: [Physopt 32-1138] End 1 Pass. Optimized 54 nets or LUTs. Breaked 0 LUT, combined 54 existing LUTs and moved 0 existing LUT
INFO: [Physopt 32-65] No nets found for high-fanout optimization.
INFO: [Physopt 32-232] Optimized 0 net. Created 0 new instance.
INFO: [Physopt 32-775] End 1 Pass. Optimized 0 net or cell. Created 0 new cell, deleted 0 existing cell and moved 0 existing cell
INFO: [Physopt 32-670] No setup violation found.  DSP Register Optimization was not performed.
INFO: [Physopt 32-670] No setup violation found.  Shift Register to Pipeline Optimization was not performed.
INFO: [Physopt 32-670] No setup violation found.  Shift Register Optimization was not performed.
INFO: [Physopt 32-670] No setup violation found.  BRAM Register Optimization was not performed.
INFO: [Physopt 32-670] No setup violation found.  URAM Register Optimization was not performed.
INFO: [Physopt 32-949] No candidate nets found for dynamic/static region interface net replication
INFO: [Physopt 32-775] End 1 Pass. Optimized 0 net or cell. Created 0 new cell, deleted 0 existing cell and moved 0 existing cell
Netlist sorting complete. Time (s): cpu = 00:00:00 ; elapsed = 00:00:00.001 . Memory (MB): peak = 1871.289 ; gain = 0.000

Summary of Physical Synthesis Optimizations
============================================


-----------------------------------------------------------------------------------------------------------------------------------------------------------
|  Optimization                                     |  Added Cells  |  Removed Cells  |  Optimized Cells/Nets  |  Dont Touch  |  Iterations  |  Elapsed   |
-----------------------------------------------------------------------------------------------------------------------------------------------------------
|  LUT Combining                                    |            0  |             54  |                    54  |           0  |           1  |  00:00:00  |
|  Retime                                           |            0  |              0  |                     0  |           0  |           1  |  00:00:00  |
|  Very High Fanout                                 |            0  |              0  |                     0  |           0  |           1  |  00:00:00  |
|  DSP Register                                     |            0  |              0  |                     0  |           0  |           0  |  00:00:00  |
|  Shift Register to Pipeline                       |            0  |              0  |                     0  |           0  |           0  |  00:00:00  |
|  Shift Register                                   |            0  |              0  |                     0  |           0  |           0  |  00:00:00  |
|  BRAM Register                                    |            0  |              0  |                     0  |           0  |           0  |  00:00:00  |
|  URAM Register                                    |            0  |              0  |                     0  |           0  |           0  |  00:00:00  |
|  Dynamic/Static Region Interface Net Replication  |            0  |              0  |                     0  |           0  |           1  |  00:00:00  |
|  Total                                            |            0  |             54  |                    54  |           0  |           4  |  00:00:00  |
-----------------------------------------------------------------------------------------------------------------------------------------------------------


Phase 2.5.2 Physical Synthesis In Placer | Checksum: 150873777

Time (s): cpu = 00:00:05 ; elapsed = 00:00:03 . Memory (MB): peak = 1871.289 ; gain = 0.000
Phase 2.5 Global Place Phase2 | Checksum: 11cfbfdc4

Time (s): cpu = 00:00:05 ; elapsed = 00:00:04 . Memory (MB): peak = 1871.289 ; gain = 0.000
Phase 2 Global Placement | Checksum: 11cfbfdc4

Time (s): cpu = 00:00:05 ; elapsed = 00:00:04 . Memory (MB): peak = 1871.289 ; gain = 0.000

Phase 3 Detail Placement

Phase 3.1 Commit Multi Column Macros
Phase 3.1 Commit Multi Column Macros | Checksum: 14b4c29e8

Time (s): cpu = 00:00:06 ; elapsed = 00:00:04 . Memory (MB): peak = 1871.289 ; gain = 0.000

Phase 3.2 Commit Most Macros & LUTRAMs
Phase 3.2 Commit Most Macros & LUTRAMs | Checksum: 276fcfd98

Time (s): cpu = 00:00:06 ; elapsed = 00:00:04 . Memory (MB): peak = 1871.289 ; gain = 0.000

Phase 3.3 Area Swap Optimization
Phase 3.3 Area Swap Optimization | Checksum: 1eaff8e16

Time (s): cpu = 00:00:06 ; elapsed = 00:00:04 . Memory (MB): peak = 1871.289 ; gain = 0.000

Phase 3.4 Pipeline Register Optimization
Phase 3.4 Pipeline Register Optimization | Checksum: 1c91a1d29

Time (s): cpu = 00:00:06 ; elapsed = 00:00:04 . Memory (MB): peak = 1871.289 ; gain = 0.000

Phase 3.5 Small Shape Detail Placement
Phase 3.5 Small Shape Detail Placement | Checksum: 2200fdf10

Time (s): cpu = 00:00:07 ; elapsed = 00:00:05 . Memory (MB): peak = 1871.289 ; gain = 0.000

Phase 3.6 Re-assign LUT pins
Phase 3.6 Re-assign LUT pins | Checksum: 205694385

Time (s): cpu = 00:00:07 ; elapsed = 00:00:05 . Memory (MB): peak = 1871.289 ; gain = 0.000

Phase 3.7 Pipeline Register Optimization
Phase 3.7 Pipeline Register Optimization | Checksum: 177173b8d

Time (s): cpu = 00:00:07 ; elapsed = 00:00:05 . Memory (MB): peak = 1871.289 ; gain = 0.000
Phase 3 Detail Placement | Checksum: 177173b8d

Time (s): cpu = 00:00:07 ; elapsed = 00:00:05 . Memory (MB): peak = 1871.289 ; gain = 0.000

Phase 4 Post Placement Optimization and Clean-Up

Phase 4.1 Post Commit Optimization
INFO: [Timing 38-35] Done setting XDC timing constraints.

Phase 4.1.1 Post Placement Optimization
Post Placement Optimization Initialization | Checksum: 1963ac3d8

Phase 4.1.1.1 BUFG Insertion

Starting Physical Synthesis Task

Phase 1 Physical Synthesis Initialization
INFO: [Physopt 32-721] Multithreading enabled for phys_opt_design using a maximum of 2 CPUs
INFO: [Physopt 32-619] Estimated Timing Summary | WNS=3.402 | TNS=0.000 |
Phase 1 Physical Synthesis Initialization | Checksum: 20dfce306

Time (s): cpu = 00:00:00 ; elapsed = 00:00:00.101 . Memory (MB): peak = 1871.289 ; gain = 0.000
INFO: [Place 46-56] BUFG insertion identified 0 candidate nets. Inserted BUFG: 0, Replicated BUFG Driver: 0, Skipped due to Placement/Routing Conflicts: 0, Skipped due to Timing Degradation: 0, Skipped due to netlist editing failed: 0.
Ending Physical Synthesis Task | Checksum: 15dbb0489

Time (s): cpu = 00:00:00 ; elapsed = 00:00:00.121 . Memory (MB): peak = 1871.289 ; gain = 0.000
Phase 4.1.1.1 BUFG Insertion | Checksum: 1963ac3d8

Time (s): cpu = 00:00:08 ; elapsed = 00:00:05 . Memory (MB): peak = 1871.289 ; gain = 0.000

Phase 4.1.1.2 Post Placement Timing Optimization
INFO: [Place 30-746] Post Placement Timing Summary WNS=3.402. For the most accurate timing information please run report_timing.
Phase 4.1.1.2 Post Placement Timing Optimization | Checksum: e1ba1851

Time (s): cpu = 00:00:08 ; elapsed = 00:00:05 . Memory (MB): peak = 1871.289 ; gain = 0.000

Time (s): cpu = 00:00:08 ; elapsed = 00:00:05 . Memory (MB): peak = 1871.289 ; gain = 0.000
Phase 4.1 Post Commit Optimization | Checksum: e1ba1851

Time (s): cpu = 00:00:08 ; elapsed = 00:00:05 . Memory (MB): peak = 1871.289 ; gain = 0.000

Phase 4.2 Post Placement Cleanup
Phase 4.2 Post Placement Cleanup | Checksum: e1ba1851

Time (s): cpu = 00:00:08 ; elapsed = 00:00:05 . Memory (MB): peak = 1871.289 ; gain = 0.000

Phase 4.3 Placer Reporting

Phase 4.3.1 Print Estimated Congestion
INFO: [Place 30-612] Post-Placement Estimated Congestion 
 ____________________________________________________
|           | Global Congestion | Short Congestion  |
| Direction | Region Size       | Region Size       |
|___________|___________________|___________________|
|      North|                1x1|                1x1|
|___________|___________________|___________________|
|      South|                1x1|                1x1|
|___________|___________________|___________________|
|       East|                1x1|                1x1|
|___________|___________________|___________________|
|       West|                1x1|                1x1|
|___________|___________________|___________________|

Phase 4.3.1 Print Estimated Congestion | Checksum: e1ba1851

Time (s): cpu = 00:00:08 ; elapsed = 00:00:05 . Memory (MB): peak = 1871.289 ; gain = 0.000
Phase 4.3 Placer Reporting | Checksum: e1ba1851

Time (s): cpu = 00:00:08 ; elapsed = 00:00:06 . Memory (MB): peak = 1871.289 ; gain = 0.000

Phase 4.4 Final Placement Cleanup
Netlist sorting complete. Time (s): cpu = 00:00:00 ; elapsed = 00:00:00.001 . Memory (MB): peak = 1871.289 ; gain = 0.000

Time (s): cpu = 00:00:08 ; elapsed = 00:00:06 . Memory (MB): peak = 1871.289 ; gain = 0.000
Phase 4 Post Placement Optimization and Clean-Up | Checksum: 12eb80af2

Time (s): cpu = 00:00:08 ; elapsed = 00:00:06 . Memory (MB): peak = 1871.289 ; gain = 0.000
Ending Placer Task | Checksum: f0def08b

Time (s): cpu = 00:00:08 ; elapsed = 00:00:06 . Memory (MB): peak = 1871.289 ; gain = 0.000
82 Infos, 3 Warnings, 0 Critical Warnings and 0 Errors encountered.
place_design completed successfully
place_design: Time (s): cpu = 00:00:11 ; elapsed = 00:00:07 . Memory (MB): peak = 1871.289 ; gain = 0.000
INFO: [Vivado 12-24838] Running report commands "report_control_sets, report_io, report_utilization" in parallel.
Running report generation with 2 threads.
INFO: [Vivado 12-24828] Executing command : report_io -file mac_udp_design_wrapper_io_placed.rpt
report_io: Time (s): cpu = 00:00:00 ; elapsed = 00:00:00.037 . Memory (MB): peak = 1871.289 ; gain = 0.000
INFO: [Vivado 12-24828] Executing command : report_utilization -file mac_udp_design_wrapper_utilization_placed.rpt -pb mac_udp_design_wrapper_utilization_placed.pb
INFO: [Vivado 12-24828] Executing command : report_control_sets -verbose -file mac_udp_design_wrapper_control_sets_placed.rpt
report_control_sets: Time (s): cpu = 00:00:00 ; elapsed = 00:00:00.012 . Memory (MB): peak = 1871.289 ; gain = 0.000
INFO: [Timing 38-480] Writing timing data to binary archive.
Write ShapeDB Complete: Time (s): cpu = 00:00:00 ; elapsed = 00:00:00.020 . Memory (MB): peak = 1871.289 ; gain = 0.000
Wrote PlaceDB: Time (s): cpu = 00:00:01 ; elapsed = 00:00:00.206 . Memory (MB): peak = 1871.289 ; gain = 0.000
Wrote PulsedLatchDB: Time (s): cpu = 00:00:00 ; elapsed = 00:00:00 . Memory (MB): peak = 1871.289 ; gain = 0.000
Writing XDEF routing.
Writing XDEF routing logical nets.
Writing XDEF routing special nets.
Wrote RouteStorage: Time (s): cpu = 00:00:00 ; elapsed = 00:00:00.024 . Memory (MB): peak = 1871.289 ; gain = 0.000
Wrote Netlist Cache: Time (s): cpu = 00:00:00 ; elapsed = 00:00:00.005 . Memory (MB): peak = 1871.289 ; gain = 0.000
Wrote Device Cache: Time (s): cpu = 00:00:00 ; elapsed = 00:00:00.011 . Memory (MB): peak = 1871.289 ; gain = 0.000
Write Physdb Complete: Time (s): cpu = 00:00:01 ; elapsed = 00:00:00.264 . Memory (MB): peak = 1871.289 ; gain = 0.000
INFO: [Common 17-1381] The checkpoint 'C:/Users/gsfei/OneDrive/Desktop/networkaccel_project/vivado/vivado.runs/impl_1/mac_udp_design_wrapper_placed.dcp' has been generated.
Command: phys_opt_design
Attempting to get a license for feature 'Implementation' and/or device 'xc7z020'
INFO: [Common 17-349] Got license for feature 'Implementation' and/or device 'xc7z020'

Starting Initial Update Timing Task

Time (s): cpu = 00:00:01 ; elapsed = 00:00:00.701 . Memory (MB): peak = 1871.289 ; gain = 0.000
INFO: [Vivado_Tcl 4-2279] Estimated Timing Summary | WNS= 3.402 | TNS= 0.000 | 
INFO: [Vivado_Tcl 4-383] Design worst setup slack (WNS) is greater than or equal to 0.000 ns. All physical synthesis setup optimizations will be skipped.
INFO: [Vivado_Tcl 4-232] No setup violation found. The netlist was not modified.
INFO: [Common 17-83] Releasing license: Implementation
93 Infos, 3 Warnings, 0 Critical Warnings and 0 Errors encountered.
phys_opt_design completed successfully
INFO: [Timing 38-480] Writing timing data to binary archive.
Write ShapeDB Complete: Time (s): cpu = 00:00:00 ; elapsed = 00:00:00.028 . Memory (MB): peak = 1871.289 ; gain = 0.000
Wrote PlaceDB: Time (s): cpu = 00:00:01 ; elapsed = 00:00:00.317 . Memory (MB): peak = 1871.289 ; gain = 0.000
Wrote PulsedLatchDB: Time (s): cpu = 00:00:00 ; elapsed = 00:00:00 . Memory (MB): peak = 1871.289 ; gain = 0.000
Writing XDEF routing.
Writing XDEF routing logical nets.
Writing XDEF routing special nets.
Wrote RouteStorage: Time (s): cpu = 00:00:00 ; elapsed = 00:00:00.027 . Memory (MB): peak = 1871.289 ; gain = 0.000
Wrote Netlist Cache: Time (s): cpu = 00:00:00 ; elapsed = 00:00:00.009 . Memory (MB): peak = 1871.289 ; gain = 0.000
Wrote Device Cache: Time (s): cpu = 00:00:00 ; elapsed = 00:00:00.017 . Memory (MB): peak = 1871.289 ; gain = 0.000
Write Physdb Complete: Time (s): cpu = 00:00:01 ; elapsed = 00:00:00.390 . Memory (MB): peak = 1871.289 ; gain = 0.000
INFO: [Common 17-1381] The checkpoint 'C:/Users/gsfei/OneDrive/Desktop/networkaccel_project/vivado/vivado.runs/impl_1/mac_udp_design_wrapper_physopt.dcp' has been generated.
Command: route_design
Attempting to get a license for feature 'Implementation' and/or device 'xc7z020'
INFO: [Common 17-349] Got license for feature 'Implementation' and/or device 'xc7z020'


Starting Routing Task
INFO: [Route 35-254] Multithreading enabled for route_design using a maximum of 2 CPUs

Phase 1 Build RT Design
Checksum: PlaceDB: 2c1e7481 ConstDB: 0 ShapeSum: aec7091a RouteDB: 15f972f0
Post Restoration Checksum: NetGraph: 37e04c05 | NumContArr: c5c7bbdd | Constraints: c2a8fa9d | Timing: c2a8fa9d
Phase 1 Build RT Design | Checksum: 282f9fd1c

Time (s): cpu = 00:00:20 ; elapsed = 00:00:17 . Memory (MB): peak = 1939.988 ; gain = 68.699

Phase 2 Router Initialization

Phase 2.1 Fix Topology Constraints
Phase 2.1 Fix Topology Constraints | Checksum: 282f9fd1c

Time (s): cpu = 00:00:20 ; elapsed = 00:00:17 . Memory (MB): peak = 1939.988 ; gain = 68.699

Phase 2.2 Pre Route Cleanup
Phase 2.2 Pre Route Cleanup | Checksum: 282f9fd1c

Time (s): cpu = 00:00:20 ; elapsed = 00:00:17 . Memory (MB): peak = 1939.988 ; gain = 68.699
 Number of Nodes with overlaps = 0

Phase 2.3 Update Timing
Phase 2.3 Update Timing | Checksum: 2c837085c

Time (s): cpu = 00:00:21 ; elapsed = 00:00:18 . Memory (MB): peak = 1980.641 ; gain = 109.352
INFO: [Route 35-416] Intermediate Timing Summary | WNS=3.373  | TNS=0.000  | WHS=-0.349 | THS=-62.865|


Router Utilization Summary
  Global Vertical Routing Utilization    = 0 %
  Global Horizontal Routing Utilization  = 0 %
  Routable Net Status*
  *Does not include unroutable nets such as driverless and loadless.
  Run report_route_status for detailed report.
  Number of Failed Nets               = 2908
    (Failed Nets is the sum of unrouted and partially routed nets)
  Number of Unrouted Nets             = 2908
  Number of Partially Routed Nets     = 0
  Number of Node Overlaps             = 0

Phase 2 Router Initialization | Checksum: 3187f4121

Time (s): cpu = 00:00:22 ; elapsed = 00:00:19 . Memory (MB): peak = 1980.641 ; gain = 109.352

Phase 3 Global Routing
Phase 3 Global Routing | Checksum: 3187f4121

Time (s): cpu = 00:00:22 ; elapsed = 00:00:19 . Memory (MB): peak = 1980.641 ; gain = 109.352

Phase 4 Initial Routing

Phase 4.1 Initial Net Routing Pass
Phase 4.1 Initial Net Routing Pass | Checksum: 2c5318f68

Time (s): cpu = 00:00:22 ; elapsed = 00:00:19 . Memory (MB): peak = 1980.641 ; gain = 109.352
Phase 4 Initial Routing | Checksum: 2c5318f68

Time (s): cpu = 00:00:22 ; elapsed = 00:00:19 . Memory (MB): peak = 1980.641 ; gain = 109.352

Phase 5 Rip-up And Reroute

Phase 5.1 Global Iteration 0
 Number of Nodes with overlaps = 182
 Number of Nodes with overlaps = 4
 Number of Nodes with overlaps = 0
INFO: [Route 35-416] Intermediate Timing Summary | WNS=3.090  | TNS=0.000  | WHS=N/A    | THS=N/A    |

Phase 5.1 Global Iteration 0 | Checksum: 2f149972b

Time (s): cpu = 00:00:23 ; elapsed = 00:00:20 . Memory (MB): peak = 1980.641 ; gain = 109.352

Phase 5.2 Global Iteration 1
 Number of Nodes with overlaps = 0
INFO: [Route 35-416] Intermediate Timing Summary | WNS=3.090  | TNS=0.000  | WHS=N/A    | THS=N/A    |

Phase 5.2 Global Iteration 1 | Checksum: 1c4ab480f

Time (s): cpu = 00:00:23 ; elapsed = 00:00:20 . Memory (MB): peak = 1980.641 ; gain = 109.352
Phase 5 Rip-up And Reroute | Checksum: 1c4ab480f

Time (s): cpu = 00:00:23 ; elapsed = 00:00:20 . Memory (MB): peak = 1980.641 ; gain = 109.352

Phase 6 Delay and Skew Optimization

Phase 6.1 Delay CleanUp

Phase 6.1.1 Update Timing
Phase 6.1.1 Update Timing | Checksum: 2773b4802

Time (s): cpu = 00:00:24 ; elapsed = 00:00:20 . Memory (MB): peak = 1980.641 ; gain = 109.352
INFO: [Route 35-416] Intermediate Timing Summary | WNS=3.255  | TNS=0.000  | WHS=N/A    | THS=N/A    |

Phase 6.1 Delay CleanUp | Checksum: 2773b4802

Time (s): cpu = 00:00:24 ; elapsed = 00:00:20 . Memory (MB): peak = 1980.641 ; gain = 109.352

Phase 6.2 Clock Skew Optimization
Phase 6.2 Clock Skew Optimization | Checksum: 2773b4802

Time (s): cpu = 00:00:24 ; elapsed = 00:00:20 . Memory (MB): peak = 1980.641 ; gain = 109.352
Phase 6 Delay and Skew Optimization | Checksum: 2773b4802

Time (s): cpu = 00:00:24 ; elapsed = 00:00:20 . Memory (MB): peak = 1980.641 ; gain = 109.352

Phase 7 Post Hold Fix

Phase 7.1 Hold Fix Iter
INFO: [Route 35-416] Intermediate Timing Summary | WNS=3.255  | TNS=0.000  | WHS=0.022  | THS=0.000  |

Phase 7.1 Hold Fix Iter | Checksum: 245d00fcd

Time (s): cpu = 00:00:24 ; elapsed = 00:00:20 . Memory (MB): peak = 1980.641 ; gain = 109.352
Phase 7 Post Hold Fix | Checksum: 245d00fcd

Time (s): cpu = 00:00:24 ; elapsed = 00:00:20 . Memory (MB): peak = 1980.641 ; gain = 109.352

Phase 8 Route finalize

Router Utilization Summary
  Global Vertical Routing Utilization    = 0.333644 %
  Global Horizontal Routing Utilization  = 0.435007 %
  Routable Net Status*
  *Does not include unroutable nets such as driverless and loadless.
  Run report_route_status for detailed report.
  Number of Failed Nets               = 0
    (Failed Nets is the sum of unrouted and partially routed nets)
  Number of Unrouted Nets             = 0
  Number of Partially Routed Nets     = 0
  Number of Node Overlaps             = 0

Phase 8 Route finalize | Checksum: 245d00fcd

Time (s): cpu = 00:00:24 ; elapsed = 00:00:20 . Memory (MB): peak = 1980.641 ; gain = 109.352

Phase 9 Verifying routed nets

 Verification completed successfully
Phase 9 Verifying routed nets | Checksum: 245d00fcd

Time (s): cpu = 00:00:24 ; elapsed = 00:00:20 . Memory (MB): peak = 1980.641 ; gain = 109.352

Phase 10 Depositing Routes
Phase 10 Depositing Routes | Checksum: 2815b6945

Time (s): cpu = 00:00:24 ; elapsed = 00:00:20 . Memory (MB): peak = 1980.641 ; gain = 109.352

Phase 11 Post Process Routing
Phase 11 Post Process Routing | Checksum: 2815b6945

Time (s): cpu = 00:00:24 ; elapsed = 00:00:20 . Memory (MB): peak = 1980.641 ; gain = 109.352

Phase 12 Post Router Timing
INFO: [Route 35-57] Estimated Timing Summary | WNS=3.255  | TNS=0.000  | WHS=0.022  | THS=0.000  |

INFO: [Route 35-327] The final timing numbers are based on the router estimated timing analysis. For a complete and accurate timing signoff, please run report_timing_summary.
Phase 12 Post Router Timing | Checksum: 2815b6945

Time (s): cpu = 00:00:24 ; elapsed = 00:00:20 . Memory (MB): peak = 1980.641 ; gain = 109.352
Total Elapsed time in route_design: 20.062 secs

Phase 13 Post-Route Event Processing
Phase 13 Post-Route Event Processing | Checksum: 19ce96b01

Time (s): cpu = 00:00:24 ; elapsed = 00:00:20 . Memory (MB): peak = 1980.641 ; gain = 109.352
INFO: [Route 35-16] Router Completed Successfully
Ending Routing Task | Checksum: 19ce96b01

Time (s): cpu = 00:00:24 ; elapsed = 00:00:20 . Memory (MB): peak = 1980.641 ; gain = 109.352

Routing Is Done.
INFO: [Common 17-83] Releasing license: Implementation
106 Infos, 3 Warnings, 0 Critical Warnings and 0 Errors encountered.
route_design completed successfully
route_design: Time (s): cpu = 00:00:24 ; elapsed = 00:00:20 . Memory (MB): peak = 1980.641 ; gain = 109.352
INFO: [Vivado 12-24828] Executing command : report_drc -file mac_udp_design_wrapper_drc_routed.rpt -pb mac_udp_design_wrapper_drc_routed.pb -rpx mac_udp_design_wrapper_drc_routed.rpx
Command: report_drc -file mac_udp_design_wrapper_drc_routed.rpt -pb mac_udp_design_wrapper_drc_routed.pb -rpx mac_udp_design_wrapper_drc_routed.rpx
INFO: [IP_Flow 19-1839] IP Catalog is up to date.
INFO: [DRC 23-27] Running DRC with 2 threads
INFO: [Vivado_Tcl 2-168] The results of DRC are in file C:/Users/gsfei/OneDrive/Desktop/networkaccel_project/vivado/vivado.runs/impl_1/mac_udp_design_wrapper_drc_routed.rpt.
report_drc completed successfully
INFO: [Vivado 12-24828] Executing command : report_methodology -file mac_udp_design_wrapper_methodology_drc_routed.rpt -pb mac_udp_design_wrapper_methodology_drc_routed.pb -rpx mac_udp_design_wrapper_methodology_drc_routed.rpx
Command: report_methodology -file mac_udp_design_wrapper_methodology_drc_routed.rpt -pb mac_udp_design_wrapper_methodology_drc_routed.pb -rpx mac_udp_design_wrapper_methodology_drc_routed.rpx
INFO: [Timing 38-35] Done setting XDC timing constraints.
INFO: [DRC 23-133] Running Methodology with 2 threads
INFO: [Vivado_Tcl 2-1520] The results of Report Methodology are in file C:/Users/gsfei/OneDrive/Desktop/networkaccel_project/vivado/vivado.runs/impl_1/mac_udp_design_wrapper_methodology_drc_routed.rpt.
report_methodology completed successfully
INFO: [Vivado 12-24828] Executing command : report_timing_summary -max_paths 10 -report_unconstrained -file mac_udp_design_wrapper_timing_summary_routed.rpt -pb mac_udp_design_wrapper_timing_summary_routed.pb -rpx mac_udp_design_wrapper_timing_summary_routed.rpx -warn_on_violation 
INFO: [Timing 38-35] Done setting XDC timing constraints.
INFO: [Timing 38-91] UpdateTimingParams: Speed grade: -1, Delay Type: min_max.
INFO: [Timing 38-191] Multithreading enabled for timing update using a maximum of 2 CPUs
INFO: [Vivado 12-24838] Running report commands "report_incremental_reuse, report_route_status" in parallel.
Running report generation with 2 threads.
INFO: [Vivado 12-24828] Executing command : report_incremental_reuse -file mac_udp_design_wrapper_incremental_reuse_routed.rpt
INFO: [Vivado_Tcl 4-1062] Incremental flow is disabled. No incremental reuse Info to report.
INFO: [Vivado 12-24828] Executing command : report_route_status -file mac_udp_design_wrapper_route_status.rpt -pb mac_udp_design_wrapper_route_status.pb
INFO: [Vivado 12-24828] Executing command : report_power -file mac_udp_design_wrapper_power_routed.rpt -pb mac_udp_design_wrapper_power_summary_routed.pb -rpx mac_udp_design_wrapper_power_routed.rpx
Command: report_power -file mac_udp_design_wrapper_power_routed.rpt -pb mac_udp_design_wrapper_power_summary_routed.pb -rpx mac_udp_design_wrapper_power_routed.rpx
Running Vector-less Activity Propagation...

Finished Running Vector-less Activity Propagation
123 Infos, 3 Warnings, 0 Critical Warnings and 0 Errors encountered.
report_power completed successfully
INFO: [Vivado 12-24828] Executing command : report_clock_utilization -file mac_udp_design_wrapper_clock_utilization_routed.rpt
INFO: [Vivado 12-24828] Executing command : report_bus_skew -warn_on_violation -file mac_udp_design_wrapper_bus_skew_routed.rpt -pb mac_udp_design_wrapper_bus_skew_routed.pb -rpx mac_udp_design_wrapper_bus_skew_routed.rpx
INFO: [Timing 38-91] UpdateTimingParams: Speed grade: -1, Delay Type: min_max.
INFO: [Timing 38-191] Multithreading enabled for timing update using a maximum of 2 CPUs
generate_parallel_reports: Time (s): cpu = 00:00:12 ; elapsed = 00:00:07 . Memory (MB): peak = 2053.488 ; gain = 72.848
INFO: [Timing 38-480] Writing timing data to binary archive.
Write ShapeDB Complete: Time (s): cpu = 00:00:00 ; elapsed = 00:00:00.022 . Memory (MB): peak = 2054.164 ; gain = 0.676
Wrote PlaceDB: Time (s): cpu = 00:00:01 ; elapsed = 00:00:00.210 . Memory (MB): peak = 2069.879 ; gain = 16.391
Wrote PulsedLatchDB: Time (s): cpu = 00:00:00 ; elapsed = 00:00:00 . Memory (MB): peak = 2069.879 ; gain = 0.000
Writing XDEF routing.
Writing XDEF routing logical nets.
Writing XDEF routing special nets.
Wrote RouteStorage: Time (s): cpu = 00:00:00 ; elapsed = 00:00:00.041 . Memory (MB): peak = 2069.879 ; gain = 0.000
Wrote Netlist Cache: Time (s): cpu = 00:00:00 ; elapsed = 00:00:00.005 . Memory (MB): peak = 2069.879 ; gain = 0.000
Wrote Device Cache: Time (s): cpu = 00:00:00 ; elapsed = 00:00:00.011 . Memory (MB): peak = 2069.879 ; gain = 0.000
Write Physdb Complete: Time (s): cpu = 00:00:01 ; elapsed = 00:00:00.285 . Memory (MB): peak = 2069.879 ; gain = 16.391
INFO: [Common 17-1381] The checkpoint 'C:/Users/gsfei/OneDrive/Desktop/networkaccel_project/vivado/vivado.runs/impl_1/mac_udp_design_wrapper_routed.dcp' has been generated.
INFO: [Memdata 28-167] Found XPM memory block mac_udp_design_i/axi_dma_0/U0/I_PRMRY_DATAMOVER/GEN_S2MM_FULL.I_S2MM_FULL_WRAPPER/GEN_ENABLE_INDET_BTT_SF.I_INDET_BTT/I_XD_FIFO/NON_BLK_MEM.I_SYNC_FIFOGEN_FIFO/xpm_fifo_instance.xpm_fifo_sync_inst/xpm_fifo_base_inst/gen_sdpram.xpm_memory_base_inst with a P_MEMORY_PRIMITIVE property set to auto. A value of block is required. You will not be able to use the updatemem program to update the bitstream with new data for the mac_udp_design_i/axi_dma_0/U0/I_PRMRY_DATAMOVER/GEN_S2MM_FULL.I_S2MM_FULL_WRAPPER/GEN_ENABLE_INDET_BTT_SF.I_INDET_BTT/I_XD_FIFO/NON_BLK_MEM.I_SYNC_FIFOGEN_FIFO/xpm_fifo_instance.xpm_fifo_sync_inst/xpm_fifo_base_inst/gen_sdpram.xpm_memory_base_inst block.
INFO: [Memdata 28-208] The XPM instance: <mac_udp_design_i/axi_dma_0/U0/I_PRMRY_DATAMOVER/GEN_S2MM_FULL.I_S2MM_FULL_WRAPPER/GEN_ENABLE_INDET_BTT_SF.I_INDET_BTT/I_DATA_FIFO/BLK_MEM.I_SYNC_FIFOGEN_FIFO/xpm_fifo_instance.xpm_fifo_sync_inst/xpm_fifo_base_inst/gen_sdpram.xpm_memory_base_inst> is part of IP: <mac_udp_design_i/axi_dma_0>. This XPM instance will be excluded from the .mmi because updatemem is prohibited from making changes to an XPM that is part of an IP.
INFO: [Memdata 28-208] The XPM instance: <mac_udp_design_i/axi_dma_0/U0/I_PRMRY_DATAMOVER/GEN_MM2S_FULL.I_MM2S_FULL_WRAPPER/GEN_INCLUDE_MM2S_SF.I_RD_SF/I_DATA_FIFO/BLK_MEM.I_SYNC_FIFOGEN_FIFO/xpm_fifo_instance.xpm_fifo_sync_inst/xpm_fifo_base_inst/gen_sdpram.xpm_memory_base_inst> is part of IP: <mac_udp_design_i/axi_dma_0>. This XPM instance will be excluded from the .mmi because updatemem is prohibited from making changes to an XPM that is part of an IP.
Command: write_bitstream -force mac_udp_design_wrapper.bit
Attempting to get a license for feature 'Implementation' and/or device 'xc7z020'
INFO: [Common 17-349] Got license for feature 'Implementation' and/or device 'xc7z020'
Running DRC as a precondition to command write_bitstream
INFO: [IP_Flow 19-1839] IP Catalog is up to date.
INFO: [DRC 23-27] Running DRC with 2 threads
INFO: [Vivado 12-3199] DRC finished with 0 Errors
INFO: [Vivado 12-3200] Please refer to the DRC report (report_drc) for more information.
INFO: [Designutils 20-2272] Running write_bitstream with 2 threads.
Loading data files...
Loading site data...
Loading route data...
Processing options...
Creating bitmap...
Creating bitstream...
Writing bitstream ./mac_udp_design_wrapper.bit...
INFO: [Vivado 12-1842] Bitgen Completed Successfully.
INFO: [Project 1-1876] WebTalk data collection is mandatory when using a ULT device. To see the specific WebTalk data collected for your design, open the usage_statistics_webtalk.html or usage_statistics_webtalk.xml file in the implementation directory.
INFO: [Common 17-83] Releasing license: Implementation
141 Infos, 3 Warnings, 0 Critical Warnings and 0 Errors encountered.
write_bitstream completed successfully
write_bitstream: Time (s): cpu = 00:00:12 ; elapsed = 00:00:09 . Memory (MB): peak = 2572.137 ; gain = 502.258
INFO: [Common 17-206] Exiting Vivado at Mon Jun  9 13:10:47 2025...
