Copyright 1986-2022 Xilinx, Inc. All Rights Reserved. Copyright 2022-2024 Advanced Micro Devices, Inc. All Rights Reserved.
---------------------------------------------------------------------------------------------------------------------------------------------
| Tool Version : Vivado v.2024.2 (win64) Build 5239630 Fri Nov 08 22:35:27 MST 2024
| Date         : Thu Jun  5 17:19:47 2025
| Host         : geo running 64-bit major release  (build 9200)
| Command      : upgrade_ip
| Device       : xc7z020clg400-1
---------------------------------------------------------------------------------------------------------------------------------------------

Upgrade Log for IP 'mac_udp_design_mac_filter_0_1'

1. Summary
----------

SUCCESS in the upgrade of mac_udp_design_mac_filter_0_1 (xilinx.com:user:mac_filter:1.0) from (Rev. 3) to (Rev. 4)






Copyright 1986-2022 Xilinx, Inc. All Rights Reserved. Copyright 2022-2024 Advanced Micro Devices, Inc. All Rights Reserved.
---------------------------------------------------------------------------------------------------------------------------------------------
| Tool Version : Vivado v.2024.2 (win64) Build 5239630 Fri Nov 08 22:35:27 MST 2024
| Date         : Thu Jun  5 17:12:17 2025
| Host         : geo running 64-bit major release  (build 9200)
| Command      : upgrade_ip
| Device       : xc7z020clg400-1
---------------------------------------------------------------------------------------------------------------------------------------------

Upgrade Log for IP 'mac_udp_design_mac_filter_0_0'

1. Summary
----------

CAUTION (success, with warnings) in the upgrade of mac_udp_design_mac_filter_0_0 (xilinx.com:user:mac_filter:1.0) from (Rev. 1) to (Rev. 3)

After upgrade, an IP may have parameter and port differences compared to the original customization. Please review the parameters within the IP customization GUI to ensure proper functionality. Also, please review the updated IP instantiation template to ensure proper connectivity, and update your design if required.

2. Interface Information
------------------------

Detected external interface differences while upgrading 'mac_udp_design_mac_filter_0_0'.


-Upgrade has removed interface 'S00_AXI'

-Upgrade has added interface 'input_stream' (xilinx.com:interface:axis:1.0)

-Upgrade has added interface 'output_stream' (xilinx.com:interface:axis:1.0)


3. Connection Warnings
----------------------

Detected external port differences while upgrading 'mac_udp_design_mac_filter_0_0'. These changes may impact your design.


-Upgrade has removed port 's00_axi_aclk'

-Upgrade has removed port 's00_axi_araddr'

-Upgrade has removed port 's00_axi_aresetn'

-Upgrade has removed port 's00_axi_arprot'

-Upgrade has removed port 's00_axi_arready'

-Upgrade has removed port 's00_axi_arvalid'

-Upgrade has removed port 's00_axi_awaddr'

-Upgrade has removed port 's00_axi_awprot'

-Upgrade has removed port 's00_axi_awready'

-Upgrade has removed port 's00_axi_awvalid'

-Upgrade has removed port 's00_axi_bready'

-Upgrade has removed port 's00_axi_bresp'

-Upgrade has removed port 's00_axi_bvalid'

-Upgrade has removed port 's00_axi_rdata'

-Upgrade has removed port 's00_axi_rready'

-Upgrade has removed port 's00_axi_rresp'

-Upgrade has removed port 's00_axi_rvalid'

-Upgrade has removed port 's00_axi_wdata'

-Upgrade has removed port 's00_axi_wready'

-Upgrade has removed port 's00_axi_wstrb'

-Upgrade has removed port 's00_axi_wvalid'

-Upgrade has added port 'clk'

-Upgrade has added port 'm_axis_tdata'

-Upgrade has added port 'm_axis_tlast'

-Upgrade has added port 'm_axis_tready'

-Upgrade has added port 'm_axis_tvalid'

-Upgrade has added port 'rst_n'

-Upgrade has added port 's_axis_tdata'

-Upgrade has added port 's_axis_tlast'

-Upgrade has added port 's_axis_tready'

-Upgrade has added port 's_axis_tvalid'


4. Customization warnings
-------------------------

Parameter 'C_S00_AXI_DATA_WIDTH' is no longer present on the upgraded IP 'mac_udp_design_mac_filter_0_0', and cannot be set to '32'

Parameter 'C_S00_AXI_ADDR_WIDTH' is no longer present on the upgraded IP 'mac_udp_design_mac_filter_0_0', and cannot be set to '4'


5. Debug Commands
-----------------

  The following debug information can be passed to Vivado as Tcl commands,
in order to validate or debug the output of the upgrade flow.
  You may consult any warnings from within this upgrade, and alter or remove
the configuration parameter(s) which caused the warning; then execute the Tcl
commands, and use the IP Customization GUI to verify the IP configuration.

create_ip -vlnv xilinx.com:user:mac_filter:1.0 -user_name mac_udp_design_mac_filter_0_0
set_property -dict "\
  CONFIG.C_S00_AXI_BASEADDR {0xFFFFFFFF} \
  CONFIG.C_S00_AXI_HIGHADDR {0x00000000} \
  CONFIG.Component_Name {mac_udp_design_mac_filter_0_0} " [get_ips mac_udp_design_mac_filter_0_0]


